#
# There is insufficient memory for the Java Runtime Environment to continue.
# Native memory allocation (malloc) failed to allocate 1115056 bytes for Chunk::new
# Possible reasons:
#   The system is out of physical RAM or swap space
#   The process is running with CompressedOops enabled, and the Java Heap may be blocking the growth of the native heap
# Possible solutions:
#   Reduce memory load on the system
#   Increase physical memory or swap space
#   Check if swap backing store is full
#   Decrease Java heap size (-Xmx/-Xms)
#   Decrease number of Java threads
#   Decrease Java thread stack sizes (-Xss)
#   Set larger code cache with -XX:ReservedCodeCacheSize=
#   JVM is running with Unscaled Compressed Oops mode in which the Java heap is
#     placed in the first 4GB address space. The Java Heap base address is the
#     maximum limit for the native heap growth. Please use -XX:HeapBaseMinAddress
#     to set the Java Heap base and to place the Java Heap above 4GB virtual address.
# This output file may be truncated or incomplete.
#
#  Out of Memory Error (allocation.cpp:389), pid=10124, tid=0x0000000000004268
#
# JRE version: Java(TM) SE Runtime Environment (8.0_211-b12) (build 1.8.0_211-b12)
# Java VM: Java HotSpot(TM) 64-Bit Server VM (25.211-b12 mixed mode windows-amd64 compressed oops)
# Failed to write core dump. Minidumps are not enabled by default on client versions of Windows
#

---------------  T H R E A D  ---------------

Current thread (0x0000000016bb7800):  JavaThread "C2 CompilerThread0" daemon [_thread_in_native, id=17000, stack(0x0000000017030000,0x0000000017130000)]

Stack: [0x0000000017030000,0x0000000017130000]
[error occurred during error reporting (printing stack bounds), id 0xc0000005]

Native frames: (J=compiled Java code, j=interpreted, Vv=VM code, C=native code)


Current CompileTask:
C2:  21461 3710   !   4       com.sun.javafx.css.StyleManager::findMatchingStyles (1260 bytes)


---------------  P R O C E S S  ---------------

Java Threads: ( => current thread )
  0x0000000017b68000 JavaThread "AWT-Windows" daemon [_thread_in_native, id=19716, stack(0x00000000207a0000,0x00000000208a0000)]
  0x0000000017b63800 JavaThread "Java2D Disposer" daemon [_thread_blocked, id=18476, stack(0x00000000203a0000,0x00000000204a0000)]
  0x0000000017b62800 JavaThread "Media Resource Disposer" daemon [_thread_blocked, id=16396, stack(0x0000000022130000,0x0000000022230000)]
  0x0000000017b65800 JavaThread "Prism Font Disposer" daemon [_thread_blocked, id=20196, stack(0x0000000020d30000,0x0000000020e30000)]
  0x0000000017809800 JavaThread "mysql-cj-abandoned-connection-cleanup" daemon [_thread_blocked, id=16284, stack(0x000000001d040000,0x000000001d140000)]
  0x00000000177bb000 JavaThread "JavaFX-Launcher" [_thread_blocked, id=14372, stack(0x000000001ce40000,0x000000001cf40000)]
  0x00000000177ba800 JavaThread "pool-2-thread-1" [_thread_blocked, id=9508, stack(0x000000001cd40000,0x000000001ce40000)]
  0x00000000177b9000 JavaThread "Thread-2" daemon [_thread_in_native, id=14652, stack(0x000000001cc40000,0x000000001cd40000)]
  0x00000000176c0800 JavaThread "JavaFX Application Thread" [_thread_in_native, id=8920, stack(0x0000000018270000,0x0000000018370000)]
  0x00000000176bd000 JavaThread "Thread-1" daemon [_thread_blocked, id=18060, stack(0x0000000018170000,0x0000000018270000)]
  0x0000000016f28000 JavaThread "QuantumRenderer-0" daemon [_thread_blocked, id=2428, stack(0x0000000017eb0000,0x0000000017fb0000)]
  0x0000000016c18800 JavaThread "Service Thread" daemon [_thread_blocked, id=9908, stack(0x0000000017330000,0x0000000017430000)]
  0x0000000016c10000 JavaThread "C1 CompilerThread2" daemon [_thread_blocked, id=19852, stack(0x0000000017230000,0x0000000017330000)]
  0x0000000016bba000 JavaThread "C2 CompilerThread1" daemon [_thread_in_native, id=9712, stack(0x0000000017130000,0x0000000017230000)]
=>0x0000000016bb7800 JavaThread "C2 CompilerThread0" daemon [_thread_in_native, id=17000, stack(0x0000000017030000,0x0000000017130000)]
  0x000000001553d000 JavaThread "Monitor Ctrl-Break" daemon [_thread_in_native, id=8212, stack(0x0000000016f30000,0x0000000017030000)]
  0x00000000154e7800 JavaThread "Attach Listener" daemon [_thread_blocked, id=15796, stack(0x0000000016a30000,0x0000000016b30000)]
  0x00000000154e6000 JavaThread "Signal Dispatcher" daemon [_thread_blocked, id=20176, stack(0x0000000016930000,0x0000000016a30000)]
  0x0000000002ea6000 JavaThread "Finalizer" daemon [_thread_blocked, id=4724, stack(0x0000000016730000,0x0000000016830000)]
  0x0000000002ea3000 JavaThread "Reference Handler" daemon [_thread_blocked, id=6016, stack(0x0000000016630000,0x0000000016730000)]
  0x0000000002db3800 JavaThread "main" [_thread_blocked, id=15472, stack(0x0000000002a60000,0x0000000002b60000)]

Other Threads:
  0x00000000154a7800 VMThread [stack: 0x0000000016530000,0x0000000016630000] [id=19080]
  0x0000000016c5e000 WatcherThread [stack: 0x0000000017430000,0x0000000017530000] [id=18080]

VM state:not at safepoint (normal execution)

VM Mutex/Monitor currently owned by a thread: None

heap address: 0x00000000c1000000, size: 1008 MB, Compressed Oops mode: 32-bit
Narrow klass base: 0x0000000000000000, Narrow klass shift: 3
Compressed class space size: 1073741824 Address: 0x0000000100000000

Heap:
 PSYoungGen      total 76800K, used 14445K [0x00000000eb000000, 0x00000000f4c00000, 0x0000000100000000)
  eden space 65536K, 22% used [0x00000000eb000000,0x00000000ebe1b588,0x00000000ef000000)
  from space 11264K, 0% used [0x00000000ef000000,0x00000000ef000000,0x00000000efb00000)
  to   space 22016K, 0% used [0x00000000f3680000,0x00000000f3680000,0x00000000f4c00000)
 ParOldGen       total 89600K, used 47519K [0x00000000c1000000, 0x00000000c6780000, 0x00000000eb000000)
  object space 89600K, 53% used [0x00000000c1000000,0x00000000c3e67c38,0x00000000c6780000)
 Metaspace       used 27188K, capacity 28814K, committed 28928K, reserved 1075200K
  class space    used 3700K, capacity 4012K, committed 4096K, reserved 1048576K

Card table byte_map: [0x0000000012270000,0x0000000012470000] byte_map_base: 0x0000000011c68000

Marking Bits: (ParMarkBitMap*) 0x00000000590c5ce0
 Begin Bits: [0x00000000129c0000, 0x0000000013980000)
 End Bits:   [0x0000000013980000, 0x0000000014940000)

Polling page: 0x0000000000f50000

CodeCache: size=245760Kb used=11833Kb max_used=12137Kb free=233926Kb
 bounds [0x0000000002eb0000, 0x0000000003ab0000, 0x0000000011eb0000]
 total_blobs=4469 nmethods=3675 adapters=706
 compilation: enabled

Compilation events (10 events):
Event: 21.383 Thread 0x0000000016c10000 3813       3       com.sun.javafx.geom.Path2D::curveTo (150 bytes)
Event: 21.383 Thread 0x0000000016c10000 nmethod 3813 0x000000000306ea10 code [0x000000000306eb80, 0x000000000306eea8]
Event: 21.383 Thread 0x0000000016c10000 3814       3       com.sun.javafx.sg.prism.NGRegion::doCorner (248 bytes)
Event: 21.385 Thread 0x0000000016c10000 nmethod 3814 0x0000000003042c50 code [0x0000000003042e60, 0x0000000003043c48]
Event: 21.385 Thread 0x0000000016c10000 3815       3       com.sun.javafx.geom.Path2D::appendOvalQuadrant (567 bytes)
Event: 21.389 Thread 0x0000000016c10000 nmethod 3815 0x0000000002fe0b50 code [0x0000000002fe0d80, 0x0000000002fe1c88]
Event: 21.390 Thread 0x0000000016c10000 3817       3       com.sun.prism.impl.ps.BaseShaderGraphics::setNodeBounds (19 bytes)
Event: 21.390 Thread 0x0000000016c10000 nmethod 3817 0x0000000003181350 code [0x00000000031814a0, 0x0000000003181670]
Event: 21.390 Thread 0x0000000016c10000 3816       3       com.sun.javafx.sg.prism.NGNode::renderClip (473 bytes)
Event: 21.396 Thread 0x0000000016c10000 nmethod 3816 0x0000000003aa0050 code [0x0000000003aa0800, 0x0000000003aa5f28]

GC Heap History (10 events):
Event: 6.453 GC heap before
{Heap before GC invocations=5 (full 0):
 PSYoungGen      total 35328K, used 35312K [0x00000000eb000000, 0x00000000ed500000, 0x0000000100000000)
  eden space 32768K, 100% used [0x00000000eb000000,0x00000000ed000000,0x00000000ed000000)
  from space 2560K, 99% used [0x00000000ed280000,0x00000000ed4fc020,0x00000000ed500000)
  to   space 2560K, 0% used [0x00000000ed000000,0x00000000ed000000,0x00000000ed280000)
 ParOldGen       total 44032K, used 15211K [0x00000000c1000000, 0x00000000c3b00000, 0x00000000eb000000)
  object space 44032K, 34% used [0x00000000c1000000,0x00000000c1edae18,0x00000000c3b00000)
 Metaspace       used 17854K, capacity 18514K, committed 18816K, reserved 1064960K
  class space    used 2399K, capacity 2580K, committed 2688K, reserved 1048576K
Event: 6.459 GC heap after
Heap after GC invocations=5 (full 0):
 PSYoungGen      total 35328K, used 2544K [0x00000000eb000000, 0x00000000f0800000, 0x0000000100000000)
  eden space 32768K, 0% used [0x00000000eb000000,0x00000000eb000000,0x00000000ed000000)
  from space 2560K, 99% used [0x00000000ed000000,0x00000000ed27c020,0x00000000ed280000)
  to   space 12288K, 0% used [0x00000000efc00000,0x00000000efc00000,0x00000000f0800000)
 ParOldGen       total 44032K, used 15354K [0x00000000c1000000, 0x00000000c3b00000, 0x00000000eb000000)
  object space 44032K, 34% used [0x00000000c1000000,0x00000000c1efe8a0,0x00000000c3b00000)
 Metaspace       used 17854K, capacity 18514K, committed 18816K, reserved 1064960K
  class space    used 2399K, capacity 2580K, committed 2688K, reserved 1048576K
}
Event: 8.079 GC heap before
{Heap before GC invocations=6 (full 0):
 PSYoungGen      total 35328K, used 14637K [0x00000000eb000000, 0x00000000f0800000, 0x0000000100000000)
  eden space 32768K, 36% used [0x00000000eb000000,0x00000000ebbcf7d8,0x00000000ed000000)
  from space 2560K, 99% used [0x00000000ed000000,0x00000000ed27c020,0x00000000ed280000)
  to   space 12288K, 0% used [0x00000000efc00000,0x00000000efc00000,0x00000000f0800000)
 ParOldGen       total 44032K, used 15354K [0x00000000c1000000, 0x00000000c3b00000, 0x00000000eb000000)
  object space 44032K, 34% used [0x00000000c1000000,0x00000000c1efe8a0,0x00000000c3b00000)
 Metaspace       used 20422K, capacity 21182K, committed 21248K, reserved 1067008K
  class space    used 2820K, capacity 3034K, committed 3072K, reserved 1048576K
Event: 8.086 GC heap after
Heap after GC invocations=6 (full 0):
 PSYoungGen      total 75776K, used 6038K [0x00000000eb000000, 0x00000000f0600000, 0x0000000100000000)
  eden space 65536K, 0% used [0x00000000eb000000,0x00000000eb000000,0x00000000ef000000)
  from space 10240K, 58% used [0x00000000efc00000,0x00000000f01e5bd8,0x00000000f0600000)
  to   space 11264K, 0% used [0x00000000ef000000,0x00000000ef000000,0x00000000efb00000)
 ParOldGen       total 44032K, used 15362K [0x00000000c1000000, 0x00000000c3b00000, 0x00000000eb000000)
  object space 44032K, 34% used [0x00000000c1000000,0x00000000c1f008a0,0x00000000c3b00000)
 Metaspace       used 20422K, capacity 21182K, committed 21248K, reserved 1067008K
  class space    used 2820K, capacity 3034K, committed 3072K, reserved 1048576K
}
Event: 8.086 GC heap before
{Heap before GC invocations=7 (full 1):
 PSYoungGen      total 75776K, used 6038K [0x00000000eb000000, 0x00000000f0600000, 0x0000000100000000)
  eden space 65536K, 0% used [0x00000000eb000000,0x00000000eb000000,0x00000000ef000000)
  from space 10240K, 58% used [0x00000000efc00000,0x00000000f01e5bd8,0x00000000f0600000)
  to   space 11264K, 0% used [0x00000000ef000000,0x00000000ef000000,0x00000000efb00000)
 ParOldGen       total 44032K, used 15362K [0x00000000c1000000, 0x00000000c3b00000, 0x00000000eb000000)
  object space 44032K, 34% used [0x00000000c1000000,0x00000000c1f008a0,0x00000000c3b00000)
 Metaspace       used 20422K, capacity 21182K, committed 21248K, reserved 1067008K
  class space    used 2820K, capacity 3034K, committed 3072K, reserved 1048576K
Event: 8.138 GC heap after
Heap after GC invocations=7 (full 1):
 PSYoungGen      total 75776K, used 0K [0x00000000eb000000, 0x00000000f0600000, 0x0000000100000000)
  eden space 65536K, 0% used [0x00000000eb000000,0x00000000eb000000,0x00000000ef000000)
  from space 10240K, 0% used [0x00000000efc00000,0x00000000efc00000,0x00000000f0600000)
  to   space 11264K, 0% used [0x00000000ef000000,0x00000000ef000000,0x00000000efb00000)
 ParOldGen       total 50176K, used 21139K [0x00000000c1000000, 0x00000000c4100000, 0x00000000eb000000)
  object space 50176K, 42% used [0x00000000c1000000,0x00000000c24a4d48,0x00000000c4100000)
 Metaspace       used 20422K, capacity 21182K, committed 21248K, reserved 1067008K
  class space    used 2820K, capacity 3034K, committed 3072K, reserved 1048576K
}
Event: 21.000 GC heap before
{Heap before GC invocations=8 (full 1):
 PSYoungGen      total 75776K, used 65536K [0x00000000eb000000, 0x00000000f0600000, 0x0000000100000000)
  eden space 65536K, 100% used [0x00000000eb000000,0x00000000ef000000,0x00000000ef000000)
  from space 10240K, 0% used [0x00000000efc00000,0x00000000efc00000,0x00000000f0600000)
  to   space 11264K, 0% used [0x00000000ef000000,0x00000000ef000000,0x00000000efb00000)
 ParOldGen       total 50176K, used 21139K [0x00000000c1000000, 0x00000000c4100000, 0x00000000eb000000)
  object space 50176K, 42% used [0x00000000c1000000,0x00000000c24a4d48,0x00000000c4100000)
 Metaspace       used 27000K, capacity 28654K, committed 28928K, reserved 1075200K
  class space    used 3685K, capacity 3980K, committed 4096K, reserved 1048576K
Event: 21.024 GC heap after
Heap after GC invocations=8 (full 1):
 PSYoungGen      total 76800K, used 11248K [0x00000000eb000000, 0x00000000f4c00000, 0x0000000100000000)
  eden space 65536K, 0% used [0x00000000eb000000,0x00000000eb000000,0x00000000ef000000)
  from space 11264K, 99% used [0x00000000ef000000,0x00000000efafc280,0x00000000efb00000)
  to   space 22016K, 0% used [0x00000000f3680000,0x00000000f3680000,0x00000000f4c00000)
 ParOldGen       total 50176K, used 38367K [0x00000000c1000000, 0x00000000c4100000, 0x00000000eb000000)
  object space 50176K, 76% used [0x00000000c1000000,0x00000000c3577c38,0x00000000c4100000)
 Metaspace       used 27000K, capacity 28654K, committed 28928K, reserved 1075200K
  class space    used 3685K, capacity 3980K, committed 4096K, reserved 1048576K
}
Event: 21.024 GC heap before
{Heap before GC invocations=9 (full 2):
 PSYoungGen      total 76800K, used 11248K [0x00000000eb000000, 0x00000000f4c00000, 0x0000000100000000)
  eden space 65536K, 0% used [0x00000000eb000000,0x00000000eb000000,0x00000000ef000000)
  from space 11264K, 99% used [0x00000000ef000000,0x00000000efafc280,0x00000000efb00000)
  to   space 22016K, 0% used [0x00000000f3680000,0x00000000f3680000,0x00000000f4c00000)
 ParOldGen       total 50176K, used 38367K [0x00000000c1000000, 0x00000000c4100000, 0x00000000eb000000)
  object space 50176K, 76% used [0x00000000c1000000,0x00000000c3577c38,0x00000000c4100000)
 Metaspace       used 27000K, capacity 28654K, committed 28928K, reserved 1075200K
  class space    used 3685K, capacity 3980K, committed 4096K, reserved 1048576K
Event: 21.149 GC heap after
Heap after GC invocations=9 (full 2):
 PSYoungGen      total 76800K, used 0K [0x00000000eb000000, 0x00000000f4c00000, 0x0000000100000000)
  eden space 65536K, 0% used [0x00000000eb000000,0x00000000eb000000,0x00000000ef000000)
  from space 11264K, 0% used [0x00000000ef000000,0x00000000ef000000,0x00000000efb00000)
  to   space 22016K, 0% used [0x00000000f3680000,0x00000000f3680000,0x00000000f4c00000)
 ParOldGen       total 89600K, used 47519K [0x00000000c1000000, 0x00000000c6780000, 0x00000000eb000000)
  object space 89600K, 53% used [0x00000000c1000000,0x00000000c3e67c38,0x00000000c6780000)
 Metaspace       used 27000K, capacity 28654K, committed 28928K, reserved 1075200K
  class space    used 3685K, capacity 3980K, committed 4096K, reserved 1048576K
}

Deoptimization events (10 events):
Event: 17.911 Thread 0x00000000176c0800 Uncommon trap: reason=unstable_if action=reinterpret pc=0x00000000037e5950 method=javafx.scene.CssStyleHelper.canReuseStyleHelper(Ljavafx/scene/Node;Lcom/sun/javafx/css/StyleMap;)Z @ 178
Event: 17.912 Thread 0x00000000176c0800 Uncommon trap: reason=unstable_if action=reinterpret pc=0x00000000035f0754 method=javafx.scene.CssStyleHelper.lookup(Ljavafx/css/Styleable;Ljavafx/css/CssMetaData;Lcom/sun/javafx/css/StyleMap;Ljava/util/Set;Ljavafx/css/Styleable;Lcom/sun/javafx/css/Calcul
Event: 17.912 Thread 0x00000000176c0800 Uncommon trap: reason=unstable_if action=reinterpret pc=0x0000000003910d90 method=sun.net.www.protocol.jar.Handler.parseContextSpec(Ljava/net/URL;Ljava/lang/String;)Ljava/lang/String; @ 72
Event: 17.914 Thread 0x00000000176c0800 Uncommon trap: reason=class_check action=maybe_recompile pc=0x00000000032a64f0 method=java.io.FilterInputStream.read()I @ 4
Event: 17.914 Thread 0x00000000176c0800 Uncommon trap: reason=class_check action=maybe_recompile pc=0x00000000032a64f0 method=java.io.FilterInputStream.read()I @ 4
Event: 17.914 Thread 0x00000000176c0800 Uncommon trap: reason=class_check action=maybe_recompile pc=0x00000000032a64f0 method=java.io.FilterInputStream.read()I @ 4
Event: 17.914 Thread 0x00000000176c0800 Uncommon trap: reason=class_check action=maybe_recompile pc=0x00000000032a64f0 method=java.io.FilterInputStream.read()I @ 4
Event: 17.952 Thread 0x00000000176c0800 Uncommon trap: reason=bimorphic action=maybe_recompile pc=0x00000000039020f4 method=com.sun.javafx.event.EventHandlerManager.dispatchCapturingEvent(Ljavafx/event/Event;)Ljavafx/event/Event; @ 1
Event: 21.328 Thread 0x00000000176c0800 Uncommon trap: reason=unstable_if action=reinterpret pc=0x00000000032c78e4 method=com.sun.javafx.iio.common.SmoothMinifier.putSourceScanline([BI)Z @ 746
Event: 21.381 Thread 0x0000000016f28000 Uncommon trap: reason=unstable_if action=reinterpret pc=0x00000000037cb484 method=com.sun.javafx.geom.RectBounds.isEmpty()Z @ 21

Classes redefined (0 events):
No events

Internal exceptions (10 events):
Event: 8.420 Thread 0x00000000176c0800 Exception <a 'java/lang/ArrayIndexOutOfBoundsException'> (0x00000000eb72e9c0) thrown at [C:\re\workspace\8-2-build-windows-amd64-cygwin\jdk8u211\12973\hotspot\src\share\vm\runtime\sharedRuntime.cpp, line 605]
Event: 8.435 Thread 0x00000000176c0800 Exception <a 'java/lang/ArrayIndexOutOfBoundsException'> (0x00000000eb82eb38) thrown at [C:\re\workspace\8-2-build-windows-amd64-cygwin\jdk8u211\12973\hotspot\src\share\vm\runtime\sharedRuntime.cpp, line 605]
Event: 8.489 Thread 0x00000000176c0800 Exception <a 'java/io/FileNotFoundException'> (0x00000000eb8b5e70) thrown at [C:\re\workspace\8-2-build-windows-amd64-cygwin\jdk8u211\12973\hotspot\src\share\vm\prims\jni.cpp, line 710]
Event: 8.557 Thread 0x00000000176c0800 Exception <a 'java/io/FileNotFoundException'> (0x00000000ec2758d8) thrown at [C:\re\workspace\8-2-build-windows-amd64-cygwin\jdk8u211\12973\hotspot\src\share\vm\prims\jni.cpp, line 710]
Event: 10.368 Thread 0x00000000176c0800 Exception <a 'java/lang/ArrayIndexOutOfBoundsException'> (0x00000000ec7f5f70) thrown at [C:\re\workspace\8-2-build-windows-amd64-cygwin\jdk8u211\12973\hotspot\src\share\vm\runtime\sharedRuntime.cpp, line 605]
Event: 10.368 Thread 0x00000000176c0800 Exception <a 'java/lang/ArrayIndexOutOfBoundsException'> (0x00000000ec7f6f70) thrown at [C:\re\workspace\8-2-build-windows-amd64-cygwin\jdk8u211\12973\hotspot\src\share\vm\runtime\sharedRuntime.cpp, line 605]
Event: 10.368 Thread 0x00000000176c0800 Exception <a 'java/lang/ArrayIndexOutOfBoundsException'> (0x00000000ec7f98c0) thrown at [C:\re\workspace\8-2-build-windows-amd64-cygwin\jdk8u211\12973\hotspot\src\share\vm\runtime\sharedRuntime.cpp, line 605]
Event: 10.441 Thread 0x00000000176c0800 Exception <a 'java/io/FileNotFoundException'> (0x00000000ec8b4e58) thrown at [C:\re\workspace\8-2-build-windows-amd64-cygwin\jdk8u211\12973\hotspot\src\share\vm\prims\jni.cpp, line 710]
Event: 10.571 Thread 0x00000000176c0800 Exception <a 'java/io/FileNotFoundException'> (0x00000000ed2461f8) thrown at [C:\re\workspace\8-2-build-windows-amd64-cygwin\jdk8u211\12973\hotspot\src\share\vm\prims\jni.cpp, line 710]
Event: 21.168 Thread 0x00000000176c0800 Exception <a 'java/io/FileNotFoundException'> (0x00000000eb0c73e0) thrown at [C:\re\workspace\8-2-build-windows-amd64-cygwin\jdk8u211\12973\hotspot\src\share\vm\prims\jni.cpp, line 710]

Events (10 events):
Event: 21.345 Thread 0x0000000016c10000 flushing nmethod 0x00000000032a2b10
Event: 21.345 Thread 0x0000000016c10000 flushing nmethod 0x00000000032a4ed0
Event: 21.345 Thread 0x0000000016c10000 flushing nmethod 0x00000000032a5310
Event: 21.345 Thread 0x0000000016c10000 flushing nmethod 0x00000000032b2450
Event: 21.345 Thread 0x0000000016c10000 flushing nmethod 0x00000000032b5710
Event: 21.345 Thread 0x0000000016c10000 flushing nmethod 0x00000000032ba110
Event: 21.345 Thread 0x0000000016c10000 flushing nmethod 0x00000000032be990
Event: 21.381 Thread 0x0000000016f28000 Uncommon trap: trap_request=0xffffff65 fr.pc=0x00000000037cb484
Event: 21.381 Thread 0x0000000016f28000 DEOPT PACKING pc=0x00000000037cb484 sp=0x0000000017fa6ee0
Event: 21.381 Thread 0x0000000016f28000 DEOPT UNPACKING pc=0x0000000002ef583b sp=0x0000000017fa6e78 mode 2


Dynamic libraries:
0x00007ff75b670000 - 0x00007ff75b6a7000 	C:\Program Files\Java\jdk1.8.0_211\bin\java.exe
0x00007ff9f9000000 - 0x00007ff9f91f0000 	C:\WINDOWS\SYSTEM32\ntdll.dll
0x00007ff9f70c0000 - 0x00007ff9f7172000 	C:\WINDOWS\System32\KERNEL32.DLL
0x00007ff9f6c10000 - 0x00007ff9f6eb3000 	C:\WINDOWS\System32\KERNELBASE.dll
0x00007ff9f77c0000 - 0x00007ff9f7863000 	C:\WINDOWS\System32\ADVAPI32.dll
0x00007ff9f76a0000 - 0x00007ff9f773e000 	C:\WINDOWS\System32\msvcrt.dll
0x00007ff9f87f0000 - 0x00007ff9f8887000 	C:\WINDOWS\System32\sechost.dll
0x00007ff9f71b0000 - 0x00007ff9f72d0000 	C:\WINDOWS\System32\RPCRT4.dll
0x00007ff9f8ac0000 - 0x00007ff9f8c53000 	C:\WINDOWS\System32\USER32.dll
0x00007ff9f6ef0000 - 0x00007ff9f6f11000 	C:\WINDOWS\System32\win32u.dll
0x00007ff9f86e0000 - 0x00007ff9f8706000 	C:\WINDOWS\System32\GDI32.dll
0x00007ff9f6a70000 - 0x00007ff9f6c04000 	C:\WINDOWS\System32\gdi32full.dll
0x00007ff9f6200000 - 0x00007ff9f629e000 	C:\WINDOWS\System32\msvcp_win.dll
0x00007ff9f6fa0000 - 0x00007ff9f709a000 	C:\WINDOWS\System32\ucrtbase.dll
0x00007ff9e62d0000 - 0x00007ff9e6555000 	C:\WINDOWS\WinSxS\amd64_microsoft.windows.common-controls_6595b64144ccf1df_6.0.18362.239_none_e6c7aebd130c7608\COMCTL32.dll
0x00007ff9f8c80000 - 0x00007ff9f8fb6000 	C:\WINDOWS\System32\combase.dll
0x00007ff9f6f20000 - 0x00007ff9f6fa0000 	C:\WINDOWS\System32\bcryptPrimitives.dll
0x00007ff9f7180000 - 0x00007ff9f71ae000 	C:\WINDOWS\System32\IMM32.DLL
0x0000000059150000 - 0x0000000059222000 	C:\Program Files\Java\jdk1.8.0_211\jre\bin\msvcr100.dll
0x00000000588a0000 - 0x0000000059145000 	C:\Program Files\Java\jdk1.8.0_211\jre\bin\server\jvm.dll
0x00007ff9f7520000 - 0x00007ff9f7528000 	C:\WINDOWS\System32\PSAPI.DLL
0x00007ff9dd8e0000 - 0x00007ff9dd8e9000 	C:\WINDOWS\SYSTEM32\WSOCK32.dll
0x00007ff9f7400000 - 0x00007ff9f746f000 	C:\WINDOWS\System32\WS2_32.dll
0x00007ff9ee3d0000 - 0x00007ff9ee3f4000 	C:\WINDOWS\SYSTEM32\WINMM.dll
0x00007ff9eb810000 - 0x00007ff9eb81a000 	C:\WINDOWS\SYSTEM32\VERSION.dll
0x00007ff9ee3a0000 - 0x00007ff9ee3cd000 	C:\WINDOWS\SYSTEM32\WINMMBASE.dll
0x00007ff9f6a20000 - 0x00007ff9f6a6a000 	C:\WINDOWS\System32\cfgmgr32.dll
0x00007ff9f0b40000 - 0x00007ff9f0b4f000 	C:\Program Files\Java\jdk1.8.0_211\jre\bin\verify.dll
0x00007ff9f0b10000 - 0x00007ff9f0b39000 	C:\Program Files\Java\jdk1.8.0_211\jre\bin\java.dll
0x00007ff9e6a70000 - 0x00007ff9e6a93000 	C:\Program Files\Java\jdk1.8.0_211\jre\bin\instrument.dll
0x00007ff9f0af0000 - 0x00007ff9f0b06000 	C:\Program Files\Java\jdk1.8.0_211\jre\bin\zip.dll
0x00007ff9f79d0000 - 0x00007ff9f80b0000 	C:\WINDOWS\System32\SHELL32.dll
0x00007ff9f7590000 - 0x00007ff9f7639000 	C:\WINDOWS\System32\shcore.dll
0x00007ff9f62a0000 - 0x00007ff9f6a1b000 	C:\WINDOWS\System32\windows.storage.dll
0x00007ff9f5f80000 - 0x00007ff9f5f9f000 	C:\WINDOWS\System32\profapi.dll
0x00007ff9f5f30000 - 0x00007ff9f5f7a000 	C:\WINDOWS\System32\powrprof.dll
0x00007ff9f5ee0000 - 0x00007ff9f5ef0000 	C:\WINDOWS\System32\UMPDC.dll
0x00007ff9f7530000 - 0x00007ff9f7582000 	C:\WINDOWS\System32\shlwapi.dll
0x00007ff9f5f10000 - 0x00007ff9f5f21000 	C:\WINDOWS\System32\kernel.appcore.dll
0x00007ff9f70a0000 - 0x00007ff9f70b7000 	C:\WINDOWS\System32\cryptsp.dll
0x00007ff9f23b0000 - 0x00007ff9f23ca000 	D:\Jetbrains\IntelliJ IDEA update 2019.1.3\bin\breakgen64.dll
0x00007ff9f0ad0000 - 0x00007ff9f0aea000 	C:\Program Files\Java\jdk1.8.0_211\jre\bin\net.dll
0x00007ff9e83f0000 - 0x00007ff9e85c6000 	C:\WINDOWS\SYSTEM32\urlmon.dll
0x00007ff9e8850000 - 0x00007ff9e8af6000 	C:\WINDOWS\SYSTEM32\iertutil.dll
0x00007ff9f5920000 - 0x00007ff9f592c000 	C:\WINDOWS\SYSTEM32\CRYPTBASE.DLL
0x00007ff9f5750000 - 0x00007ff9f57b7000 	C:\WINDOWS\system32\mswsock.dll
0x0000000002b80000 - 0x0000000002b83000 	C:\Program Files\Java\jdk1.8.0_211\jre\bin\api-ms-win-core-console-l1-1-0.dll
0x0000000002b90000 - 0x0000000002b93000 	C:\Program Files\Java\jdk1.8.0_211\jre\bin\api-ms-win-core-datetime-l1-1-0.dll
0x0000000002ba0000 - 0x0000000002ba3000 	C:\Program Files\Java\jdk1.8.0_211\jre\bin\api-ms-win-core-debug-l1-1-0.dll
0x0000000002cc0000 - 0x0000000002cc3000 	C:\Program Files\Java\jdk1.8.0_211\jre\bin\api-ms-win-core-errorhandling-l1-1-0.dll
0x0000000002cd0000 - 0x0000000002cd4000 	C:\Program Files\Java\jdk1.8.0_211\jre\bin\api-ms-win-core-file-l1-1-0.dll
0x0000000002ce0000 - 0x0000000002ce3000 	C:\Program Files\Java\jdk1.8.0_211\jre\bin\api-ms-win-core-file-l1-2-0.dll
0x0000000002cf0000 - 0x0000000002cf3000 	C:\Program Files\Java\jdk1.8.0_211\jre\bin\api-ms-win-core-file-l2-1-0.dll
0x0000000002d00000 - 0x0000000002d03000 	C:\Program Files\Java\jdk1.8.0_211\jre\bin\api-ms-win-core-handle-l1-1-0.dll
0x0000000002d10000 - 0x0000000002d13000 	C:\Program Files\Java\jdk1.8.0_211\jre\bin\api-ms-win-core-heap-l1-1-0.dll
0x0000000002d20000 - 0x0000000002d23000 	C:\Program Files\Java\jdk1.8.0_211\jre\bin\api-ms-win-core-interlocked-l1-1-0.dll
0x0000000002d30000 - 0x0000000002d33000 	C:\Program Files\Java\jdk1.8.0_211\jre\bin\api-ms-win-core-libraryloader-l1-1-0.dll
0x0000000002d50000 - 0x0000000002d53000 	C:\Program Files\Java\jdk1.8.0_211\jre\bin\api-ms-win-core-localization-l1-2-0.dll
0x0000000002d60000 - 0x0000000002d63000 	C:\Program Files\Java\jdk1.8.0_211\jre\bin\api-ms-win-core-memory-l1-1-0.dll
0x0000000002d70000 - 0x0000000002d73000 	C:\Program Files\Java\jdk1.8.0_211\jre\bin\api-ms-win-core-namedpipe-l1-1-0.dll
0x0000000002d80000 - 0x0000000002d83000 	C:\Program Files\Java\jdk1.8.0_211\jre\bin\api-ms-win-core-processenvironment-l1-1-0.dll
0x0000000002d90000 - 0x0000000002d93000 	C:\Program Files\Java\jdk1.8.0_211\jre\bin\api-ms-win-core-processthreads-l1-1-0.dll
0x0000000017530000 - 0x0000000017533000 	C:\Program Files\Java\jdk1.8.0_211\jre\bin\api-ms-win-core-processthreads-l1-1-1.dll
0x0000000017540000 - 0x0000000017543000 	C:\Program Files\Java\jdk1.8.0_211\jre\bin\api-ms-win-core-profile-l1-1-0.dll
0x0000000017550000 - 0x0000000017553000 	C:\Program Files\Java\jdk1.8.0_211\jre\bin\api-ms-win-core-rtlsupport-l1-1-0.dll
0x0000000017560000 - 0x0000000017563000 	C:\Program Files\Java\jdk1.8.0_211\jre\bin\api-ms-win-core-string-l1-1-0.dll
0x0000000017570000 - 0x0000000017573000 	C:\Program Files\Java\jdk1.8.0_211\jre\bin\api-ms-win-core-synch-l1-1-0.dll
0x0000000017580000 - 0x0000000017583000 	C:\Program Files\Java\jdk1.8.0_211\jre\bin\api-ms-win-core-synch-l1-2-0.dll
0x0000000017590000 - 0x0000000017593000 	C:\Program Files\Java\jdk1.8.0_211\jre\bin\api-ms-win-core-sysinfo-l1-1-0.dll
0x00000000175a0000 - 0x00000000175a3000 	C:\Program Files\Java\jdk1.8.0_211\jre\bin\api-ms-win-core-timezone-l1-1-0.dll
0x00000000175b0000 - 0x00000000175b3000 	C:\Program Files\Java\jdk1.8.0_211\jre\bin\api-ms-win-core-util-l1-1-0.dll
0x00000000175c0000 - 0x00000000175c3000 	C:\Program Files\Java\jdk1.8.0_211\jre\bin\api-ms-win-crt-conio-l1-1-0.dll
0x00000000175d0000 - 0x00000000175d4000 	C:\Program Files\Java\jdk1.8.0_211\jre\bin\api-ms-win-crt-convert-l1-1-0.dll
0x00000000175e0000 - 0x00000000175e3000 	C:\Program Files\Java\jdk1.8.0_211\jre\bin\api-ms-win-crt-environment-l1-1-0.dll
0x00000000175f0000 - 0x00000000175f3000 	C:\Program Files\Java\jdk1.8.0_211\jre\bin\api-ms-win-crt-filesystem-l1-1-0.dll
0x0000000017600000 - 0x0000000017603000 	C:\Program Files\Java\jdk1.8.0_211\jre\bin\api-ms-win-crt-heap-l1-1-0.dll
0x0000000017610000 - 0x0000000017613000 	C:\Program Files\Java\jdk1.8.0_211\jre\bin\api-ms-win-crt-locale-l1-1-0.dll
0x0000000017620000 - 0x0000000017625000 	C:\Program Files\Java\jdk1.8.0_211\jre\bin\api-ms-win-crt-math-l1-1-0.dll
0x0000000017630000 - 0x0000000017635000 	C:\Program Files\Java\jdk1.8.0_211\jre\bin\api-ms-win-crt-multibyte-l1-1-0.dll
0x0000000017640000 - 0x0000000017650000 	C:\Program Files\Java\jdk1.8.0_211\jre\bin\api-ms-win-crt-private-l1-1-0.dll
0x0000000017650000 - 0x0000000017653000 	C:\Program Files\Java\jdk1.8.0_211\jre\bin\api-ms-win-crt-process-l1-1-0.dll
0x0000000017660000 - 0x0000000017664000 	C:\Program Files\Java\jdk1.8.0_211\jre\bin\api-ms-win-crt-runtime-l1-1-0.dll
0x0000000017670000 - 0x0000000017674000 	C:\Program Files\Java\jdk1.8.0_211\jre\bin\api-ms-win-crt-stdio-l1-1-0.dll
0x0000000017680000 - 0x0000000017684000 	C:\Program Files\Java\jdk1.8.0_211\jre\bin\api-ms-win-crt-string-l1-1-0.dll
0x0000000017690000 - 0x0000000017693000 	C:\Program Files\Java\jdk1.8.0_211\jre\bin\api-ms-win-crt-time-l1-1-0.dll
0x00000000176a0000 - 0x00000000176a3000 	C:\Program Files\Java\jdk1.8.0_211\jre\bin\api-ms-win-crt-utility-l1-1-0.dll
0x00007ff9bd060000 - 0x00007ff9bd156000 	C:\Program Files\Java\jdk1.8.0_211\jre\bin\ucrtbase.dll
0x00007ff9ee510000 - 0x00007ff9ee526000 	C:\Program Files\Java\jdk1.8.0_211\jre\bin\vcruntime140.dll
0x00007ff9bcf00000 - 0x00007ff9bcfaa000 	C:\Program Files\Java\jdk1.8.0_211\jre\bin\msvcp140.dll
0x00007ff9bcea0000 - 0x00007ff9bcef4000 	C:\Program Files\Java\jdk1.8.0_211\jre\bin\concrt140.dll
0x00007ff9d87a0000 - 0x00007ff9d87c3000 	C:\Program Files\Java\jdk1.8.0_211\jre\bin\prism_d3d.dll
0x00007ff9c76f0000 - 0x00007ff9c78b6000 	C:\WINDOWS\system32\d3d9.dll
0x00007ff9f46d0000 - 0x00007ff9f46fd000 	C:\WINDOWS\SYSTEM32\dwmapi.dll
0x00007ff9f4ba0000 - 0x00007ff9f4bc0000 	C:\WINDOWS\SYSTEM32\dxcore.dll
0x00007ff9f3bc0000 - 0x00007ff9f3c59000 	C:\WINDOWS\system32\uxtheme.dll
0x00007ff9c51b0000 - 0x00007ff9c76ed000 	C:\WINDOWS\SYSTEM32\igdumdim64.dll
0x00007ff9f7330000 - 0x00007ff9f73f4000 	C:\WINDOWS\System32\OLEAUT32.dll
0x00007ff9f7870000 - 0x00007ff9f79c6000 	C:\WINDOWS\System32\ole32.dll
0x00007ff9f80b0000 - 0x00007ff9f8520000 	C:\WINDOWS\System32\SETUPAPI.dll
0x00007ff9f6ec0000 - 0x00007ff9f6ee6000 	C:\WINDOWS\System32\bcrypt.dll
0x00007ff9bce50000 - 0x00007ff9bce99000 	C:\Program Files\Java\jdk1.8.0_211\jre\bin\glass.dll
0x00007ff9f8720000 - 0x00007ff9f87ef000 	C:\WINDOWS\System32\COMDLG32.dll
0x00007ff9f8520000 - 0x00007ff9f8657000 	C:\WINDOWS\System32\MSCTF.dll
0x00007ff9e9ee0000 - 0x00007ff9ea920000 	C:\WINDOWS\SYSTEM32\igdusc64.dll
0x00007ff9f54f0000 - 0x00007ff9f55ba000 	C:\WINDOWS\SYSTEM32\DNSAPI.dll
0x00007ff9f8ab0000 - 0x00007ff9f8ab8000 	C:\WINDOWS\System32\NSI.dll
0x00007ff9f54b0000 - 0x00007ff9f54ea000 	C:\WINDOWS\SYSTEM32\IPHLPAPI.DLL
0x00007ff9e6280000 - 0x00007ff9e628a000 	C:\Windows\System32\rasadhlp.dll
0x00007ff9ed550000 - 0x00007ff9ed5c7000 	C:\WINDOWS\System32\fwpuclnt.dll
0x00007ff9f5310000 - 0x00007ff9f5343000 	C:\WINDOWS\system32\rsaenh.dll
0x00007ff9f5e00000 - 0x00007ff9f5e25000 	C:\WINDOWS\SYSTEM32\USERENV.dll
0x00007ff9edd30000 - 0x00007ff9edd46000 	C:\WINDOWS\SYSTEM32\dhcpcsvc6.DLL
0x00007ff9ee250000 - 0x00007ff9ee26c000 	C:\WINDOWS\SYSTEM32\dhcpcsvc.DLL
0x00007ff9f0ab0000 - 0x00007ff9f0ac2000 	C:\Program Files\Java\jdk1.8.0_211\jre\bin\nio.dll
0x0000000064a40000 - 0x0000000064b0c000 	C:\Users\admin\AppData\Local\Temp\sqlite-3.28.0-40b77591-8272-4e1d-8d63-fc20cb8269f1-sqlitejdbc.dll
0x00007ff9e6a50000 - 0x00007ff9e6a64000 	C:\Program Files\Java\jdk1.8.0_211\jre\bin\javafx_font.dll
0x00007ff9e7fc0000 - 0x00007ff9e82be000 	C:\WINDOWS\SYSTEM32\dwrite.dll
0x00007ff9ba920000 - 0x00007ff9ba9c9000 	C:\Program Files\Java\jdk1.8.0_211\jre\bin\glib-lite.dll
0x00007ff9b0c40000 - 0x00007ff9b0d21000 	C:\Program Files\Java\jdk1.8.0_211\jre\bin\gstreamer-lite.dll
0x00007ff9ba4d0000 - 0x00007ff9ba569000 	C:\WINDOWS\SYSTEM32\DSOUND.dll
0x00007ff9d1080000 - 0x00007ff9d10a7000 	C:\Program Files\Java\jdk1.8.0_211\jre\bin\jfxmedia.dll
0x00007ff9f7470000 - 0x00007ff9f7512000 	C:\WINDOWS\System32\clbcatq.dll
0x00007ff9f41d0000 - 0x00007ff9f42bf000 	C:\WINDOWS\system32\propsys.dll
0x00007ff9c3e20000 - 0x00007ff9c3e51000 	C:\Program Files\Java\jdk1.8.0_211\jre\bin\fxplugins.dll
0x00007ff9efd30000 - 0x00007ff9efda8000 	C:\WINDOWS\System32\MMDevApi.dll
0x00007ff9f5ce0000 - 0x00007ff9f5d0a000 	C:\WINDOWS\System32\DEVOBJ.dll
0x00007ff9efe40000 - 0x00007ff9eff9d000 	C:\WINDOWS\SYSTEM32\AUDIOSES.DLL
0x00007ff9f1870000 - 0x00007ff9f19c3000 	C:\WINDOWS\SYSTEM32\wintypes.dll

VM Arguments:
jvm_args: -javaagent:D:\Jetbrains\IntelliJ IDEA update 2019.1.3\lib\idea_rt.jar=51811:D:\Jetbrains\IntelliJ IDEA update 2019.1.3\bin -Dfile.encoding=UTF-8 
java_command: Launcher
java_class_path (initial): C:\Program Files\Java\jdk1.8.0_211\jre\lib\charsets.jar;C:\Program Files\Java\jdk1.8.0_211\jre\lib\deploy.jar;C:\Program Files\Java\jdk1.8.0_211\jre\lib\ext\access-bridge-64.jar;C:\Program Files\Java\jdk1.8.0_211\jre\lib\ext\cldrdata.jar;C:\Program Files\Java\jdk1.8.0_211\jre\lib\ext\dnsns.jar;C:\Program Files\Java\jdk1.8.0_211\jre\lib\ext\jaccess.jar;C:\Program Files\Java\jdk1.8.0_211\jre\lib\ext\jfxrt.jar;C:\Program Files\Java\jdk1.8.0_211\jre\lib\ext\localedata.jar;C:\Program Files\Java\jdk1.8.0_211\jre\lib\ext\nashorn.jar;C:\Program Files\Java\jdk1.8.0_211\jre\lib\ext\sunec.jar;C:\Program Files\Java\jdk1.8.0_211\jre\lib\ext\sunjce_provider.jar;C:\Program Files\Java\jdk1.8.0_211\jre\lib\ext\sunmscapi.jar;C:\Program Files\Java\jdk1.8.0_211\jre\lib\ext\sunpkcs11.jar;C:\Program Files\Java\jdk1.8.0_211\jre\lib\ext\zipfs.jar;C:\Program Files\Java\jdk1.8.0_211\jre\lib\javaws.jar;C:\Program Files\Java\jdk1.8.0_211\jre\lib\jce.jar;C:\Program Files\Java\jdk1.8.0_211\jre\lib\jfr.jar;C:\Program Files\Java\jdk1.8.0_211\jre\lib\jfxswt.jar;C:\Program Files\Java\jdk1.8.0_211\jre\lib\jsse.jar;C:\Program Files\Java\jdk1.8.0_211\jre\lib\management-agent.jar;C:\Program Files\Java\jdk1.8.0_211\jre\lib\plugin.jar;C:\Program Files\Java\jdk1.8.0_211\jre\lib\resources.jar;C:\Program Files\Java\jdk1.8.0_211\jre\lib\rt.jar;D:\PROJECTS\NanotechSoftwares\poswithcarwash\target\classes;C:\Users\admin\.m2\repository\commons-codec\commons-codec\1.7\commons-codec-1.7.jar;C:\Users\admin\.m2\repository\mysql\mysql-connector-java\8.0.17\mysql-connector-java-8.0.17.jar;C:\Users\admin\.m2\repository\com\google\protobuf\protobuf-java\3.6.1\protobuf-java-3.6.1.jar;C:\Users\admin\.m2\repository\org\xerial\sqlite-jdbc\3.28.0\sqlite-jdbc-3.28.0.jar;C:\Users\admin\.m2\repository\com\itextpdf\itextpdf\5.5.13.1\itextpdf-5.5.13.1.jar;C:\Users\admin\.m2\repository\javax\mail\javax.mail-api\1.6.2\javax.mail-api-1.6.2.jar;C:\Users\admin\.m2\repository\commons-io\commons-io\2.6\common
Launcher Type: SUN_STANDARD

Environment Variables:
PATH=D:\Jetbrains\IntelliJ IDEA update 2019.1.3\jre64\\bin;D:\Jetbrains\IntelliJ IDEA update 2019.1.3\jre64\\bin\server;C:\Program Files (x86)\Common Files\Oracle\Java\javapath;C:\WINDOWS\system32;C:\WINDOWS;C:\WINDOWS\System32\Wbem;C:\WINDOWS\System32\WindowsPowerShell\v1.0\;C:\WINDOWS\System32\OpenSSH\;C:\Program Files\Git\cmd;C:\Users\admin\AppData\Local\Programs\Python\Python37;C:\Users\admin\AppData\Local\Programs\Python\Python37\Scripts;C:\xampp\php;C:\ProgramData\ComposerSetup\bin;C:\Program Files (x86)\CodeBlocks\MinGW\bin\;C:\Program Files\nodejs\;C:\Program Files\Java\jdk1.8.0_211\bin\;C:\Program Files\swipl\bin;C:\Program Files (x86)\Yarn\bin\;C:\Users\admin\AppData\Local\Microsoft\WindowsApps;C:\Program Files\JetBrains\PyCharm 2019.1.3\bin;;C:\Users\admin\AppData\Local\atom\bin;C:\Users\admin\AppData\Local\Microsoft\WindowsApps;C:\Users\admin\AppData\Roaming\Composer\vendor\bin;C:\Users\admin\AppData\Local\Programs\Microsoft VS Code\bin;C:\Users\admin\AppData\Roaming\npm;C:\Program Files\JetBrains\DataGrip 2019.1.4\bin;;C:\Users\admin\AppData\Local\Yarn\bin
USERNAME=admin
OS=Windows_NT
PROCESSOR_IDENTIFIER=Intel64 Family 6 Model 69 Stepping 1, GenuineIntel



---------------  S Y S T E M  ---------------

OS: Windows 10.0 , 64 bit Build 18362 (10.0.18362.86)

CPU:total 4 (initial active 4) (2 cores per cpu, 2 threads per core) family 6 model 69 stepping 1, cmov, cx8, fxsr, mmx, sse, sse2, sse3, ssse3, sse4.1, sse4.2, popcnt, avx, avx2, aes, clmul, erms, lzcnt, ht, tsc, tscinvbit, bmi1, bmi2

Memory: 4k page, physical 4121708k(345932k free), swap 10651184k(5332k free)

vm_info: Java HotSpot(TM) 64-Bit Server VM (25.211-b12) for windows-amd64 JRE (1.8.0_211-b12), built on Apr  1 2019 20:53:26 by "java_re" with MS VC++ 10.0 (VS2010)

time: Fri Aug 23 17:21:59 2019
timezone: E. Africa Standard Time
elapsed time: 21 seconds (0d 0h 0m 21s)

